Build started 3/23/2015 1:45:57 PM.
     1>Project "D:\Computer Graphics\program2\Program2\Program2\Program2.vcxproj" on node 2 (Build target(s)).
     1>ClCompile:
         C:\Program Files (x86)\Microsoft Visual Studio 13.0\VC\bin\CL.exe /c /I"D:\Computer Graphics\program2\Program2\Program2\glm" /ZI /nologo /W3 /WX- /sdl /Od /Oy- /D _MBCS /D _MBCS /D _CRT_SECURE_NO_WARNINGS /Gm /EHsc /RTC1 /MDd /GS /fp:precise /Zc:wchar_t /Zc:forScope /Fo"Debug\\" /Fd"Debug\vc120.pdb" /Gd /TP /analyze- /errorReport:prompt ..\..\example1.cpp
         example1.cpp
     1>d:\computer graphics\program2\example1.cpp(105): warning C4018: '<' : signed/unsigned mismatch
     1>d:\computer graphics\program2\example1.cpp(168): warning C4244: '=' : conversion from 'double' to 'GLfloat', possible loss of data
     1>d:\computer graphics\program2\example1.cpp(193): warning C4018: '<' : signed/unsigned mismatch
     1>d:\computer graphics\program2\example1.cpp(261): warning C4244: '=' : conversion from 'double' to 'GLfloat', possible loss of data
     1>d:\computer graphics\program2\example1.cpp(279): warning C4244: '=' : conversion from 'double' to 'GLfloat', possible loss of data
     1>d:\computer graphics\program2\example1.cpp(370): warning C4244: '=' : conversion from 'double' to 'GLfloat', possible loss of data
     1>d:\computer graphics\program2\example1.cpp(379): warning C4244: '=' : conversion from 'double' to 'GLfloat', possible loss of data
     1>d:\computer graphics\program2\example1.cpp(328): warning C4101: 'index' : unreferenced local variable
     1>d:\computer graphics\program2\example1.cpp(330): warning C4101: 'angle' : unreferenced local variable
     1>d:\computer graphics\program2\example1.cpp(329): warning C4101: 'geometry' : unreferenced local variable
     1>d:\computer graphics\program2\example1.cpp(328): warning C4101: 'pos' : unreferenced local variable
     1>d:\computer graphics\program2\example1.cpp(413): warning C4018: '<' : signed/unsigned mismatch
     1>d:\computer graphics\program2\example1.cpp(420): warning C4018: '<' : signed/unsigned mismatch
     1>d:\computer graphics\program2\example1.cpp(427): warning C4018: '<' : signed/unsigned mismatch
     1>d:\computer graphics\program2\example1.cpp(531): warning C4018: '<' : signed/unsigned mismatch
     1>d:\computer graphics\program2\example1.cpp(534): warning C4018: '<' : signed/unsigned mismatch
     1>d:\computer graphics\program2\example1.cpp(646): warning C4244: '=' : conversion from 'double' to 'GLfloat', possible loss of data
     1>d:\computer graphics\program2\example1.cpp(647): warning C4244: '=' : conversion from 'double' to 'GLfloat', possible loss of data
     1>d:\computer graphics\program2\example1.cpp(648): warning C4244: '=' : conversion from 'double' to 'GLfloat', possible loss of data
     1>d:\computer graphics\program2\example1.cpp(652): warning C4244: '=' : conversion from 'double' to 'GLfloat', possible loss of data
     1>d:\computer graphics\program2\example1.cpp(653): warning C4244: '=' : conversion from 'double' to 'GLfloat', possible loss of data
     1>d:\computer graphics\program2\example1.cpp(654): warning C4244: '=' : conversion from 'double' to 'GLfloat', possible loss of data
     1>d:\computer graphics\program2\example1.cpp(735): warning C4244: 'initializing' : conversion from 'double' to 'float', possible loss of data
     1>d:\computer graphics\program2\example1.cpp(739): warning C4244: 'initializing' : conversion from 'double' to 'float', possible loss of data
     1>d:\computer graphics\program2\example1.cpp(743): warning C4244: 'initializing' : conversion from 'double' to 'float', possible loss of data
     1>d:\computer graphics\program2\example1.cpp(695): warning C4101: 'n' : unreferenced local variable
     1>d:\computer graphics\program2\example1.cpp(777): warning C4244: 'argument' : conversion from 'float' to 'GLsizei', possible loss of data
     1>d:\computer graphics\program2\example1.cpp(777): warning C4244: 'argument' : conversion from 'float' to 'GLint', possible loss of data
       Link:
         C:\Program Files (x86)\Microsoft Visual Studio 13.0\VC\bin\link.exe /ERRORREPORT:PROMPT /OUT:"D:\Computer Graphics\program2\Program2\Debug\Program2.exe" /INCREMENTAL /NOLOGO kernel32.lib user32.lib gdi32.lib winspool.lib comdlg32.lib advapi32.lib shell32.lib ole32.lib oleaut32.lib uuid.lib odbc32.lib odbccp32.lib /NODEFAULTLIB:LIBCMTD.lib /MANIFEST /MANIFESTUAC:"level='asInvoker' uiAccess='false'" /manifest:embed /DEBUG /PDB:"D:\Computer Graphics\program2\Program2\Debug\Program2.pdb" /TLBID:1 /DYNAMICBASE /NXCOMPAT /IMPLIB:"D:\Computer Graphics\program2\Program2\Debug\Program2.lib" /MACHINE:X86 Debug\example1.obj
         Debug\LoadShaders.obj
         Program2.vcxproj -> D:\Computer Graphics\program2\Program2\Debug\Program2.exe
     1>Done Building Project "D:\Computer Graphics\program2\Program2\Program2\Program2.vcxproj" (Build target(s)).

Build succeeded.

Time Elapsed 00:00:08.68
